<?xml version="1.0" encoding="UTF-8"?>
<robot generator="Robot 7.0 (Python 3.12.3 on win32)" generated="2024-06-21T17:02:04.400227" rpa="false" schemaversion="5">
<suite id="s1" name="Automation" source="c:\Users\YogeshwaranAnnadurai\Documents\ETL\automation.robot">
<test id="s1-t1" name="sauce demo" line="6">
<kw name="Open Browser" owner="SeleniumLibrary">
<msg time="2024-06-21T17:02:04.630188" level="INFO">Opening browser 'gc' to base url 'https://parabank.parasoft.com/parabank/index.htm'.</msg>
<arg>https://parabank.parasoft.com/parabank/index.htm</arg>
<arg>gc</arg>
<doc>Opens a new browser instance to the optional ``url``.</doc>
<status status="PASS" start="2024-06-21T17:02:04.630188" elapsed="4.108195"/>
</kw>
<kw name="Maximize Browser Window" owner="SeleniumLibrary">
<doc>Maximizes current browser window.</doc>
<status status="PASS" start="2024-06-21T17:02:08.744723" elapsed="3.799730"/>
</kw>
<kw name="Get Text" owner="SeleniumLibrary">
<msg time="2024-06-21T17:02:12.618590" level="INFO">${get} = Username</msg>
<var>${get}</var>
<arg>//b[text()='Username']</arg>
<doc>Returns the text value of the element identified by ``locator``.</doc>
<status status="PASS" start="2024-06-21T17:02:12.544453" elapsed="0.074137"/>
</kw>
<kw name="Log" owner="BuiltIn">
<msg time="2024-06-21T17:02:12.618590" level="INFO">Username</msg>
<arg>${get}</arg>
<doc>Logs the given message with the given level.</doc>
<status status="PASS" start="2024-06-21T17:02:12.618590" elapsed="0.000000"/>
</kw>
<kw name="Get Text" owner="SeleniumLibrary">
<msg time="2024-06-21T17:02:12.661640" level="INFO">${gett} = Password</msg>
<var>${gett}</var>
<arg>//b[text()='Password']</arg>
<doc>Returns the text value of the element identified by ``locator``.</doc>
<status status="PASS" start="2024-06-21T17:02:12.618590" elapsed="0.043050"/>
</kw>
<kw name="Log" owner="BuiltIn">
<msg time="2024-06-21T17:02:12.661640" level="INFO">Password</msg>
<arg>${gett}</arg>
<doc>Logs the given message with the given level.</doc>
<status status="PASS" start="2024-06-21T17:02:12.661640" elapsed="0.000000"/>
</kw>
<kw name="Run Keyword If" owner="BuiltIn">
<kw name="Input Text" owner="SeleniumLibrary">
<msg time="2024-06-21T17:02:12.668733" level="INFO">Typing text 'yogi' into text field '//input[@name="username"]'.</msg>
<arg>//input[@name="username"]</arg>
<arg>yogi</arg>
<doc>Types the given ``text`` into the text field identified by ``locator``.</doc>
<status status="PASS" start="2024-06-21T17:02:12.661640" elapsed="0.296774"/>
</kw>
<arg>'${get}' == 'Username'</arg>
<arg>Input Text</arg>
<arg>//input[@name="username"]</arg>
<arg>yogi</arg>
<arg>ELSE IF</arg>
<arg>'${gett}' == 'Password'</arg>
<arg>Input Text</arg>
<arg>//input[@name="password"]</arg>
<arg>123456</arg>
<arg>ELSE</arg>
<arg>Log</arg>
<arg>@args</arg>
<doc>Runs the given keyword with the given arguments, if ``condition`` is true.</doc>
<status status="PASS" start="2024-06-21T17:02:12.661640" elapsed="0.296774"/>
</kw>
<status status="PASS" start="2024-06-21T17:02:04.630188" elapsed="8.328226"/>
</test>
<status status="PASS" start="2024-06-21T17:02:04.407698" elapsed="8.560535"/>
</suite>
<statistics>
<total>
<stat pass="1" fail="0" skip="0">All Tests</stat>
</total>
<tag>
</tag>
<suite>
<stat pass="1" fail="0" skip="0" id="s1" name="Automation">Automation</stat>
</suite>
</statistics>
<errors>
</errors>
</robot>
